BBOB data directory 'naep.10' created
07-01-2014 08:28:22
10D f15 run   1 FEs =  100000 best-target =     46.39221054 34s
10D f15 run   2 FEs =  100000 best-target =     40.65514155 67s
10D f15 run   3 FEs =  100000 best-target =     42.19849328 101s
10D f15 run   4 FEs =  100000 best-target =     40.12009028 136s
10D f15 run   5 FEs =  100000 best-target =     43.20710655 169s
10D f15 run   6 FEs =  100000 best-target =     26.01185974 203s
10D f15 run   7 FEs =  100000 best-target =     42.66668627 237s
10D f15 run   8 FEs =  100000 best-target =     48.91795194 270s
10D f15 run   9 FEs =  100000 best-target =     32.54639370 303s
10D f15 run  10 FEs =  100000 best-target =     40.48996760 336s
10D f15 run  11 FEs =  100000 best-target =     48.39452953 370s
10D f15 run  12 FEs =  100000 best-target =     44.47640795 403s
10D f15 run  13 FEs =  100000 best-target =     49.50786636 437s
10D f15 run  14 FEs =  100000 best-target =     52.51301953 470s
10D f15 run  15 FEs =  100000 best-target =     42.02087297 505s
07-01-2014 08:36:46
10D f16 run   1 FEs =  100000 best-target =      6.96678604 545s
10D f16 run   2 FEs =  100000 best-target =      8.59054160 581s
10D f16 run   3 FEs =  100000 best-target =      9.29360432 620s
10D f16 run   4 FEs =  100000 best-target =      8.50614669 666s
10D f16 run   5 FEs =  100000 best-target =      9.16166293 705s
10D f16 run   6 FEs =  100000 best-target =     10.41220429 743s
10D f16 run   7 FEs =  100000 best-target =      6.41064030 781s
10D f16 run   8 FEs =  100000 best-target =     10.07847089 816s
10D f16 run   9 FEs =  100000 best-target =     10.31143348 850s
10D f16 run  10 FEs =  100000 best-target =      7.52666350 885s
10D f16 run  11 FEs =  100000 best-target =      7.41918864 920s
10D f16 run  12 FEs =  100000 best-target =      4.75539628 955s
10D f16 run  13 FEs =  100000 best-target =      4.70800636 989s
10D f16 run  14 FEs =  100000 best-target =      6.79666490 1023s
10D f16 run  15 FEs =  100000 best-target =      7.78429577 1057s
07-01-2014 08:45:59
10D f19 run   1 FEs =  100000 best-target =      1.90417588 1092s
10D f19 run   2 FEs =  100000 best-target =      1.60137652 1126s
10D f19 run   3 FEs =  100000 best-target =      2.65499285 1160s
10D f19 run   4 FEs =  100000 best-target =      1.93923816 1194s
10D f19 run   5 FEs =  100000 best-target =      2.25359460 1229s
10D f19 run   6 FEs =  100000 best-target =      1.86133892 1263s
10D f19 run   7 FEs =  100000 best-target =      2.44726429 1297s
10D f19 run   8 FEs =  100000 best-target =      2.66124738 1330s
10D f19 run   9 FEs =  100000 best-target =      1.65756260 1366s
10D f19 run  10 FEs =  100000 best-target =      2.65262721 1398s
10D f19 run  11 FEs =  100000 best-target =      2.20136001 1432s
10D f19 run  12 FEs =  100000 best-target =      1.97189287 1466s
10D f19 run  13 FEs =  100000 best-target =      1.79777137 1500s
10D f19 run  14 FEs =  100000 best-target =      2.37611588 1535s
10D f19 run  15 FEs =  100000 best-target =      1.85627209 1568s
07-01-2014 08:54:30
10D f20 run   1 FEs =  100000 best-target =      2.38817642 1601s
10D f20 run   2 FEs =  100000 best-target =      2.17593539 1635s
10D f20 run   3 FEs =  100000 best-target =      2.05750989 1668s
10D f20 run   4 FEs =  100000 best-target =      2.49405043 1701s
10D f20 run   5 FEs =  100000 best-target =      2.41562596 1734s
10D f20 run   6 FEs =  100000 best-target =      2.37949126 1768s
10D f20 run   7 FEs =  100000 best-target =      2.28194964 1802s
10D f20 run   8 FEs =  100000 best-target =      2.16528578 1835s
10D f20 run   9 FEs =  100000 best-target =      2.32468594 1871s
10D f20 run  10 FEs =  100000 best-target =      2.08805685 1903s
10D f20 run  11 FEs =  100000 best-target =      2.41765625 1937s
10D f20 run  12 FEs =  100000 best-target =      2.52469291 1973s
10D f20 run  13 FEs =  100000 best-target =      2.21728353 2015s
10D f20 run  14 FEs =  100000 best-target =      2.35893869 2050s
10D f20 run  15 FEs =  100000 best-target =      2.22747246 2084s
07-01-2014 09:03:06
10D f21 run   1 FEs =  100000 best-target =      0.14686444 2118s
10D f21 run   2 FEs =  100000 best-target =      3.70840878 2153s
10D f21 run   3 FEs =  100000 best-target =      0.24809180 2188s
10D f21 run   4 FEs =  100000 best-target =      2.18764506 2223s
10D f21 run   5 FEs =  100000 best-target =      8.04278982 2258s
10D f21 run   6 FEs =  100000 best-target =      2.11997366 2292s
10D f21 run   7 FEs =  100000 best-target =      0.30398607 2325s
10D f21 run   8 FEs =  100000 best-target =      4.41388706 2358s
10D f21 run   9 FEs =  100000 best-target =      2.35174154 2392s
10D f21 run  10 FEs =  100000 best-target =      1.22220891 2425s
10D f21 run  11 FEs =  100000 best-target =      2.20062117 2460s
10D f21 run  12 FEs =  100000 best-target =      0.31694884 2494s
10D f21 run  13 FEs =  100000 best-target =      0.17474896 2529s
10D f21 run  14 FEs =  100000 best-target =      0.24820405 2562s
10D f21 run  15 FEs =  100000 best-target =      0.13025940 2600s
07-01-2014 09:11:42
10D f22 run   1 FEs =  100000 best-target =      2.37759063 2634s
10D f22 run   2 FEs =  100000 best-target =      2.52000138 2669s
10D f22 run   3 FEs =  100000 best-target =     10.29348444 2727s
10D f22 run   4 FEs =  100000 best-target =      2.06177353 2769s
10D f22 run   5 FEs =  100000 best-target =      6.80711286 2803s
10D f22 run   6 FEs =  100000 best-target =      1.97580757 2837s
10D f22 run   7 FEs =  100000 best-target =      2.57492391 2872s
10D f22 run   8 FEs =  100000 best-target =      2.54381591 2905s
10D f22 run   9 FEs =  100000 best-target =      2.22780977 2938s
10D f22 run  10 FEs =  100000 best-target =      1.58295686 2972s
10D f22 run  11 FEs =  100000 best-target =      2.37384825 3005s
10D f22 run  12 FEs =  100000 best-target =      1.90978767 3040s
10D f22 run  13 FEs =  100000 best-target =      8.94934974 3074s
10D f22 run  14 FEs =  100000 best-target =      3.03963031 3111s
10D f22 run  15 FEs =  100000 best-target =      8.49904931 3145s
07-01-2014 09:20:47
10D f24 run   1 FEs =  100000 best-target =     51.07636739 3180s
10D f24 run   2 FEs =  100000 best-target =     40.80002964 3215s
10D f24 run   3 FEs =  100000 best-target =     53.53086791 3248s
10D f24 run   4 FEs =  100000 best-target =     40.12839847 3280s
10D f24 run   5 FEs =  100000 best-target =     42.69032950 3320s
10D f24 run   6 FEs =  100000 best-target =     38.73149551 3354s
10D f24 run   7 FEs =  100000 best-target =     38.83169068 3387s
10D f24 run   8 FEs =  100000 best-target =     51.10366972 3419s
10D f24 run   9 FEs =  100000 best-target =     46.58234182 3451s
10D f24 run  10 FEs =  100000 best-target =     53.19994346 3484s
10D f24 run  11 FEs =  100000 best-target =     33.53396612 3516s
10D f24 run  12 FEs =  100000 best-target =     45.73052275 3548s
10D f24 run  13 FEs =  100000 best-target =     45.44616965 3616s
10D f24 run  14 FEs =  100000 best-target =     49.37433897 3689s
10D f24 run  15 FEs =  100000 best-target =     49.64177589 3723s
07-01-2014 09:30:24
---- 10-D done ----
