BBOB data directory 'naeu_10' created
17-01-2014 21:48:24
10D f15 run   1 FEs =  100000 best-target =     71.00892426 1s
10D f15 run   2 FEs =  100000 best-target =     65.53531908 2s
10D f15 run   3 FEs =  100000 best-target =     76.68175843 3s
10D f15 run   4 FEs =  100000 best-target =     54.57843906 3s
10D f15 run   5 FEs =  100000 best-target =     50.54522258 5s
10D f15 run   6 FEs =  100000 best-target =     63.98061832 7s
10D f15 run   7 FEs =  100000 best-target =     68.22668074 9s
10D f15 run   8 FEs =  100000 best-target =     69.61926198 10s
10D f15 run   9 FEs =  100000 best-target =     56.82900509 12s
10D f15 run  10 FEs =  100000 best-target =     75.08061309 14s
10D f15 run  11 FEs =  100000 best-target =     81.12997611 15s
10D f15 run  12 FEs =  100000 best-target =     62.15300544 16s
10D f15 run  13 FEs =  100000 best-target =     73.08762995 17s
10D f15 run  14 FEs =  100000 best-target =     65.62876598 18s
10D f15 run  15 FEs =  100000 best-target =     38.27496512 19s
17-01-2014 21:48:43
10D f16 run   1 FEs =  100000 best-target =     10.54749794 21s
10D f16 run   2 FEs =  100000 best-target =      9.06642497 24s
10D f16 run   3 FEs =  100000 best-target =     10.71260403 26s
10D f16 run   4 FEs =  100000 best-target =      5.33234025 28s
10D f16 run   5 FEs =  100000 best-target =      6.29968843 31s
10D f16 run   6 FEs =  100000 best-target =     10.87880134 34s
10D f16 run   7 FEs =  100000 best-target =      7.24250357 35s
10D f16 run   8 FEs =  100000 best-target =      6.57399036 37s
10D f16 run   9 FEs =  100000 best-target =     11.21044764 39s
10D f16 run  10 FEs =  100000 best-target =      9.51535846 41s
10D f16 run  11 FEs =  100000 best-target =      8.94662360 42s
10D f16 run  12 FEs =  100000 best-target =      8.11964154 44s
10D f16 run  13 FEs =  100000 best-target =      7.98653043 46s
10D f16 run  14 FEs =  100000 best-target =      8.24322290 49s
10D f16 run  15 FEs =  100000 best-target =      8.02757285 52s
17-01-2014 21:49:16
10D f19 run   1 FEs =  100000 best-target =      2.78000783 52s
10D f19 run   2 FEs =  100000 best-target =      3.23640287 52s
10D f19 run   3 FEs =  100000 best-target =      2.80570814 53s
10D f19 run   4 FEs =  100000 best-target =      2.27238507 53s
10D f19 run   5 FEs =  100000 best-target =      2.73087335 53s
10D f19 run   6 FEs =  100000 best-target =      2.58390170 54s
10D f19 run   7 FEs =  100000 best-target =      2.88855481 54s
10D f19 run   8 FEs =  100000 best-target =      2.55105966 54s
10D f19 run   9 FEs =  100000 best-target =      2.47737006 55s
10D f19 run  10 FEs =  100000 best-target =      2.25626762 55s
10D f19 run  11 FEs =  100000 best-target =      2.03816536 56s
10D f19 run  12 FEs =  100000 best-target =      2.83320890 56s
10D f19 run  13 FEs =  100000 best-target =      2.37754830 56s
10D f19 run  14 FEs =  100000 best-target =      1.88920898 57s
10D f19 run  15 FEs =  100000 best-target =      1.99847038 57s
17-01-2014 21:49:21
10D f20 run   1 FEs =  100000 best-target =      2.40586347 57s
10D f20 run   2 FEs =  100000 best-target =      2.52432652 58s
10D f20 run   3 FEs =  100000 best-target =      2.35537071 59s
10D f20 run   4 FEs =  100000 best-target =      2.75253484 59s
10D f20 run   5 FEs =  100000 best-target =      2.43523039 60s
10D f20 run   6 FEs =  100000 best-target =      2.17189943 60s
10D f20 run   7 FEs =  100000 best-target =      2.59157576 61s
10D f20 run   8 FEs =  100000 best-target =      2.80988476 62s
10D f20 run   9 FEs =  100000 best-target =      2.62213987 62s
10D f20 run  10 FEs =  100000 best-target =      2.70661196 63s
10D f20 run  11 FEs =  100000 best-target =      2.54460115 63s
10D f20 run  12 FEs =  100000 best-target =      2.65974561 64s
10D f20 run  13 FEs =  100000 best-target =      3.13234397 64s
10D f20 run  14 FEs =  100000 best-target =      2.70202203 65s
10D f20 run  15 FEs =  100000 best-target =      2.48813769 66s
17-01-2014 21:49:29
10D f21 run   1 FEs =  100000 best-target =      7.08342744 68s
10D f21 run   2 FEs =  100000 best-target =     10.92627279 70s
10D f21 run   3 FEs =  100000 best-target =      2.84074148 72s
10D f21 run   4 FEs =  100000 best-target =      9.07669152 74s
10D f21 run   5 FEs =  100000 best-target =     12.68367988 76s
10D f21 run   6 FEs =  100000 best-target =      6.26002721 78s
10D f21 run   7 FEs =  100000 best-target =      7.85702778 79s
10D f21 run   8 FEs =  100000 best-target =      6.62109784 81s
10D f21 run   9 FEs =  100000 best-target =     14.52495732 82s
10D f21 run  10 FEs =  100000 best-target =      8.60996518 83s
10D f21 run  11 FEs =  100000 best-target =     18.45048207 84s
10D f21 run  12 FEs =  100000 best-target =      6.99887105 86s
10D f21 run  13 FEs =  100000 best-target =      6.00443649 87s
10D f21 run  14 FEs =  100000 best-target =      2.28377763 88s
10D f21 run  15 FEs =  100000 best-target =     10.58765617 90s
17-01-2014 21:49:54
10D f22 run   1 FEs =  100000 best-target =      1.84086402 90s
10D f22 run   2 FEs =  100000 best-target =     13.77297956 91s
10D f22 run   3 FEs =  100000 best-target =     12.22339980 91s
10D f22 run   4 FEs =  100000 best-target =      8.94017147 92s
10D f22 run   5 FEs =  100000 best-target =     12.02897475 92s
10D f22 run   6 FEs =  100000 best-target =      7.98911522 92s
10D f22 run   7 FEs =  100000 best-target =      8.76992802 93s
10D f22 run   8 FEs =  100000 best-target =     19.85861667 93s
10D f22 run   9 FEs =  100000 best-target =     20.09610061 93s
10D f22 run  10 FEs =  100000 best-target =     20.90103494 94s
10D f22 run  11 FEs =  100000 best-target =     20.18529410 94s
10D f22 run  12 FEs =  100000 best-target =      7.58797563 94s
10D f22 run  13 FEs =  100000 best-target =     22.87110412 94s
10D f22 run  14 FEs =  100000 best-target =      9.61274838 95s
10D f22 run  15 FEs =  100000 best-target =     14.65172198 95s
17-01-2014 21:49:59
10D f24 run   1 FEs =  100000 best-target =     65.82986280 95s
10D f24 run   2 FEs =  100000 best-target =     61.99507368 95s
10D f24 run   3 FEs =  100000 best-target =     63.00521128 96s
10D f24 run   4 FEs =  100000 best-target =     60.86774688 96s
10D f24 run   5 FEs =  100000 best-target =     57.37041280 96s
10D f24 run   6 FEs =  100000 best-target =     57.75710406 96s
10D f24 run   7 FEs =  100000 best-target =     53.31514294 96s
10D f24 run   8 FEs =  100000 best-target =     54.26732254 96s
10D f24 run   9 FEs =  100000 best-target =     63.41998230 97s
10D f24 run  10 FEs =  100000 best-target =     55.65243435 97s
10D f24 run  11 FEs =  100000 best-target =     53.85040546 97s
10D f24 run  12 FEs =  100000 best-target =     58.87151025 97s
10D f24 run  13 FEs =  100000 best-target =     58.60070381 97s
10D f24 run  14 FEs =  100000 best-target =     52.50101470 98s
10D f24 run  15 FEs =  100000 best-target =     57.93183314 98s
17-01-2014 21:50:02
---- 10-D done ----
