BBOB data directory 'ae_20' created
17-01-2014 21:48:28
20D f15 run   1 FEs =  200000 best-target =    158.79766892 7s
20D f15 run   2 FEs =  200000 best-target =    160.56937160 13s
20D f15 run   3 FEs =  200000 best-target =    151.12495013 18s
20D f15 run   4 FEs =  200000 best-target =    153.11953755 23s
20D f15 run   5 FEs =  200000 best-target =    154.26067238 28s
20D f15 run   6 FEs =  200000 best-target =    150.17780957 32s
20D f15 run   7 FEs =  200000 best-target =    143.40922664 35s
20D f15 run   8 FEs =  200000 best-target =    154.33380134 39s
20D f15 run   9 FEs =  200000 best-target =    143.85063313 43s
20D f15 run  10 FEs =  200000 best-target =    137.09533358 48s
20D f15 run  11 FEs =  200000 best-target =    137.56843392 54s
20D f15 run  12 FEs =  200000 best-target =    155.12275774 58s
20D f15 run  13 FEs =  200000 best-target =    145.26738692 64s
20D f15 run  14 FEs =  200000 best-target =    154.70302661 69s
20D f15 run  15 FEs =  200000 best-target =    147.33382492 74s
17-01-2014 21:49:42
20D f16 run   1 FEs =  200000 best-target =     18.22364154 81s
20D f16 run   2 FEs =  200000 best-target =     19.75708242 88s
20D f16 run   3 FEs =  200000 best-target =     18.38355893 94s
20D f16 run   4 FEs =  200000 best-target =     19.12660574 102s
20D f16 run   5 FEs =  200000 best-target =     22.71981149 110s
20D f16 run   6 FEs =  200000 best-target =     18.65418332 117s
20D f16 run   7 FEs =  200000 best-target =     18.89454714 124s
20D f16 run   8 FEs =  200000 best-target =     16.85688726 131s
20D f16 run   9 FEs =  200000 best-target =     12.83601219 138s
20D f16 run  10 FEs =  200000 best-target =     14.31351587 146s
20D f16 run  11 FEs =  200000 best-target =     15.67552124 153s
20D f16 run  12 FEs =  200000 best-target =     17.07157063 160s
20D f16 run  13 FEs =  200000 best-target =     20.13093342 167s
20D f16 run  14 FEs =  200000 best-target =     19.91480377 174s
20D f16 run  15 FEs =  200000 best-target =     20.10736369 181s
17-01-2014 21:51:29
20D f19 run   1 FEs =  200000 best-target =      4.89360039 182s
20D f19 run   2 FEs =  200000 best-target =      5.25836517 183s
20D f19 run   3 FEs =  200000 best-target =      4.54541110 184s
20D f19 run   4 FEs =  200000 best-target =      5.22636402 185s
20D f19 run   5 FEs =  200000 best-target =      4.93509281 186s
20D f19 run   6 FEs =  200000 best-target =      5.24781618 187s
20D f19 run   7 FEs =  200000 best-target =      5.38670484 188s
20D f19 run   8 FEs =  200000 best-target =      5.06431324 189s
20D f19 run   9 FEs =  200000 best-target =      3.10052661 190s
20D f19 run  10 FEs =  200000 best-target =      5.26970752 191s
20D f19 run  11 FEs =  200000 best-target =      4.83451704 192s
20D f19 run  12 FEs =  200000 best-target =      5.15268527 193s
20D f19 run  13 FEs =  200000 best-target =      4.34688562 194s
20D f19 run  14 FEs =  200000 best-target =      4.89244656 195s
20D f19 run  15 FEs =  200000 best-target =      4.29852212 196s
17-01-2014 21:51:44
20D f20 run   1 FEs =  200000 best-target =      3.18040010 198s
20D f20 run   2 FEs =  200000 best-target =      3.33036255 200s
20D f20 run   3 FEs =  200000 best-target =      3.58751956 201s
20D f20 run   4 FEs =  200000 best-target =      3.75323952 203s
20D f20 run   5 FEs =  200000 best-target =      3.71504976 204s
20D f20 run   6 FEs =  200000 best-target =      3.64632018 206s
20D f20 run   7 FEs =  200000 best-target =      3.44261414 207s
20D f20 run   8 FEs =  200000 best-target =      3.30902827 209s
20D f20 run   9 FEs =  200000 best-target =      3.36109729 210s
20D f20 run  10 FEs =  200000 best-target =      3.47810867 212s
20D f20 run  11 FEs =  200000 best-target =      3.32557588 213s
20D f20 run  12 FEs =  200000 best-target =      3.22478475 215s
20D f20 run  13 FEs =  200000 best-target =      3.33413927 217s
20D f20 run  14 FEs =  200000 best-target =      3.49361028 218s
20D f20 run  15 FEs =  200000 best-target =      3.69082316 220s
17-01-2014 21:52:08
20D f21 run   1 FEs =  200000 best-target =     24.05096731 223s
20D f21 run   2 FEs =  200000 best-target =      9.68636233 227s
20D f21 run   3 FEs =  200000 best-target =     30.83057392 231s
20D f21 run   4 FEs =  200000 best-target =      8.24882256 235s
20D f21 run   5 FEs =  200000 best-target =      7.32763253 238s
20D f21 run   6 FEs =  200000 best-target =      7.25169236 242s
20D f21 run   7 FEs =  200000 best-target =      2.98354062 246s
20D f21 run   8 FEs =  200000 best-target =      6.71499821 249s
20D f21 run   9 FEs =  200000 best-target =      5.90686864 253s
20D f21 run  10 FEs =  200000 best-target =     23.43758398 257s
20D f21 run  11 FEs =  200000 best-target =      3.27466292 260s
20D f21 run  12 FEs =  200000 best-target =     12.16597353 264s
20D f21 run  13 FEs =  200000 best-target =     18.30512614 268s
20D f21 run  14 FEs =  200000 best-target =      1.45736267 272s
20D f21 run  15 FEs =  200000 best-target =      7.35650496 275s
17-01-2014 21:53:03
20D f22 run   1 FEs =  200000 best-target =      5.71783891 277s
20D f22 run   2 FEs =  200000 best-target =     19.17282576 278s
20D f22 run   3 FEs =  200000 best-target =     17.14334927 279s
20D f22 run   4 FEs =  200000 best-target =      5.44019257 281s
20D f22 run   5 FEs =  200000 best-target =     12.43897314 282s
20D f22 run   6 FEs =  200000 best-target =     17.03606718 283s
20D f22 run   7 FEs =  200000 best-target =     14.66960788 285s
20D f22 run   8 FEs =  200000 best-target =      4.96026894 286s
20D f22 run   9 FEs =  200000 best-target =     13.01562269 288s
20D f22 run  10 FEs =  200000 best-target =     19.22611130 290s
20D f22 run  11 FEs =  200000 best-target =     25.27223500 292s
20D f22 run  12 FEs =  200000 best-target =     52.20568991 294s
20D f22 run  13 FEs =  200000 best-target =     29.97510168 296s
20D f22 run  14 FEs =  200000 best-target =     20.00321243 298s
20D f22 run  15 FEs =  200000 best-target =      8.10048076 300s
17-01-2014 21:53:28
20D f24 run   1 FEs =  200000 best-target =    136.40449548 302s
20D f24 run   2 FEs =  200000 best-target =    159.38711325 303s
20D f24 run   3 FEs =  200000 best-target =    162.56626108 305s
20D f24 run   4 FEs =  200000 best-target =    162.42917010 306s
20D f24 run   5 FEs =  200000 best-target =    142.35102416 308s
20D f24 run   6 FEs =  200000 best-target =    162.34562010 309s
20D f24 run   7 FEs =  200000 best-target =    126.24349027 310s
20D f24 run   8 FEs =  200000 best-target =    141.04491793 312s
20D f24 run   9 FEs =  200000 best-target =    161.15257211 313s
20D f24 run  10 FEs =  200000 best-target =    162.96798543 315s
20D f24 run  11 FEs =  200000 best-target =    154.99192975 316s
20D f24 run  12 FEs =  200000 best-target =    164.14951853 318s
20D f24 run  13 FEs =  200000 best-target =    166.08838289 319s
20D f24 run  14 FEs =  200000 best-target =    160.16530134 321s
20D f24 run  15 FEs =  200000 best-target =    136.04358496 322s
17-01-2014 21:53:50
---- 20-D done ----
