BBOB data directory 'naek_20' created
17-01-2014 21:48:28
20D f15 run   1 FEs =  200000 best-target =    171.18704266 27s
20D f15 run   2 FEs =  200000 best-target =    180.37018830 72s
20D f15 run   3 FEs =  200000 best-target =    168.00301516 107s
20D f15 run   4 FEs =  200000 best-target =    156.18852311 123s
20D f15 run   5 FEs =  200000 best-target =    171.24982987 139s
20D f15 run   6 FEs =  200000 best-target =    179.31912751 154s
20D f15 run   7 FEs =  200000 best-target =    169.94678342 170s
20D f15 run   8 FEs =  200000 best-target =    160.79209948 186s
20D f15 run   9 FEs =  200000 best-target =    176.18504574 201s
20D f15 run  10 FEs =  200000 best-target =    172.28475804 217s
20D f15 run  11 FEs =  200000 best-target =    185.36601488 233s
20D f15 run  12 FEs =  200000 best-target =    165.20512784 248s
20D f15 run  13 FEs =  200000 best-target =    169.10003529 264s
20D f15 run  14 FEs =  200000 best-target =    150.43914551 280s
20D f15 run  15 FEs =  200000 best-target =    166.96703165 295s
17-01-2014 21:53:23
20D f16 run   1 FEs =  200000 best-target =     19.33082900 321s
20D f16 run   2 FEs =  200000 best-target =     20.86470158 347s
20D f16 run   3 FEs =  200000 best-target =     16.90167834 372s
20D f16 run   4 FEs =  200000 best-target =     19.48844001 396s
20D f16 run   5 FEs =  200000 best-target =     19.24665293 421s
20D f16 run   6 FEs =  200000 best-target =     23.41369311 446s
20D f16 run   7 FEs =  200000 best-target =     23.27166922 471s
20D f16 run   8 FEs =  200000 best-target =     17.68574842 496s
20D f16 run   9 FEs =  200000 best-target =     24.51663579 521s
20D f16 run  10 FEs =  200000 best-target =     19.41855813 546s
20D f16 run  11 FEs =  200000 best-target =     19.00083077 571s
20D f16 run  12 FEs =  200000 best-target =     18.56104562 596s
20D f16 run  13 FEs =  200000 best-target =     18.77586255 622s
20D f16 run  14 FEs =  200000 best-target =     18.19291841 647s
20D f16 run  15 FEs =  200000 best-target =     17.25281583 672s
17-01-2014 21:59:40
20D f19 run   1 FEs =  200000 best-target =      4.38544039 702s
20D f19 run   2 FEs =  200000 best-target =      5.03008943 731s
20D f19 run   3 FEs =  200000 best-target =      4.64450316 760s
20D f19 run   4 FEs =  200000 best-target =      5.55453231 790s
20D f19 run   5 FEs =  200000 best-target =      4.44659128 816s
20D f19 run   6 FEs =  200000 best-target =      4.85808901 838s
20D f19 run   7 FEs =  200000 best-target =      5.29673512 865s
20D f19 run   8 FEs =  200000 best-target =      4.68372366 888s
20D f19 run   9 FEs =  200000 best-target =      5.04551369 910s
20D f19 run  10 FEs =  200000 best-target =      4.59392451 931s
20D f19 run  11 FEs =  200000 best-target =      5.50540827 952s
20D f19 run  12 FEs =  200000 best-target =      4.84519679 973s
20D f19 run  13 FEs =  200000 best-target =      5.28509381 994s
20D f19 run  14 FEs =  200000 best-target =      4.83726109 1016s
20D f19 run  15 FEs =  200000 best-target =      4.90316514 1035s
17-01-2014 22:05:43
20D f20 run   1 FEs =  200000 best-target =      3.15100044 1064s
20D f20 run   2 FEs =  200000 best-target =      3.57786714 1085s
20D f20 run   3 FEs =  200000 best-target =      3.56615105 1108s
20D f20 run   4 FEs =  200000 best-target =      3.44106478 1131s
20D f20 run   5 FEs =  200000 best-target =      3.79314947 1154s
20D f20 run   6 FEs =  200000 best-target =      3.47150486 1177s
20D f20 run   7 FEs =  200000 best-target =      3.73525728 1200s
20D f20 run   8 FEs =  200000 best-target =      3.53615795 1223s
20D f20 run   9 FEs =  200000 best-target =      3.59184700 1246s
20D f20 run  10 FEs =  200000 best-target =      3.23809952 1269s
20D f20 run  11 FEs =  200000 best-target =      3.40616107 1292s
20D f20 run  12 FEs =  200000 best-target =      3.16542009 1316s
20D f20 run  13 FEs =  200000 best-target =      3.59227631 1339s
20D f20 run  14 FEs =  200000 best-target =      3.13153559 1362s
20D f20 run  15 FEs =  200000 best-target =      3.79299715 1385s
17-01-2014 22:11:33
20D f21 run   1 FEs =  200000 best-target =     24.86691592 1410s
20D f21 run   2 FEs =  200000 best-target =     21.67043362 1428s
20D f21 run   3 FEs =  200000 best-target =     34.88391654 1442s
20D f21 run   4 FEs =  200000 best-target =     16.35387626 1456s
20D f21 run   5 FEs =  200000 best-target =     15.31533927 1469s
20D f21 run   6 FEs =  200000 best-target =      9.55519409 1483s
20D f21 run   7 FEs =  200000 best-target =      3.08303267 1497s
20D f21 run   8 FEs =  200000 best-target =      9.49864290 1511s
20D f21 run   9 FEs =  200000 best-target =      8.25468694 1525s
20D f21 run  10 FEs =  200000 best-target =     21.54846426 1539s
20D f21 run  11 FEs =  200000 best-target =     13.35397355 1553s
20D f21 run  12 FEs =  200000 best-target =     14.61282373 1567s
20D f21 run  13 FEs =  200000 best-target =     24.42153218 1581s
20D f21 run  14 FEs =  200000 best-target =      9.94151119 1595s
20D f21 run  15 FEs =  200000 best-target =     10.07395234 1609s
17-01-2014 22:15:17
20D f22 run   1 FEs =  200000 best-target =      9.97682221 1621s
20D f22 run   2 FEs =  200000 best-target =     13.09642662 1634s
20D f22 run   3 FEs =  200000 best-target =     15.86198124 1646s
20D f22 run   4 FEs =  200000 best-target =      6.67676469 1659s
20D f22 run   5 FEs =  200000 best-target =     23.93650743 1671s
20D f22 run   6 FEs =  200000 best-target =     22.11580238 1684s
20D f22 run   7 FEs =  200000 best-target =     50.73376633 1696s
20D f22 run   8 FEs =  200000 best-target =     10.98814889 1709s
20D f22 run   9 FEs =  200000 best-target =     24.90205591 1721s
20D f22 run  10 FEs =  200000 best-target =     21.39704696 1734s
20D f22 run  11 FEs =  200000 best-target =     28.21109088 1746s
20D f22 run  12 FEs =  200000 best-target =     56.26093958 1759s
20D f22 run  13 FEs =  200000 best-target =     31.55295618 1771s
20D f22 run  14 FEs =  200000 best-target =     19.96462030 1784s
20D f22 run  15 FEs =  200000 best-target =      7.43154448 1796s
17-01-2014 22:18:24
20D f24 run   1 FEs =  200000 best-target =    171.16459567 1809s
20D f24 run   2 FEs =  200000 best-target =    170.35618524 1821s
20D f24 run   3 FEs =  200000 best-target =    184.59371737 1833s
20D f24 run   4 FEs =  200000 best-target =    165.87178517 1846s
20D f24 run   5 FEs =  200000 best-target =    164.18947873 1858s
20D f24 run   6 FEs =  200000 best-target =    155.30834516 1871s
20D f24 run   7 FEs =  200000 best-target =    163.65801031 1883s
20D f24 run   8 FEs =  200000 best-target =    178.09521258 1895s
20D f24 run   9 FEs =  200000 best-target =    152.48979817 1908s
20D f24 run  10 FEs =  200000 best-target =    169.28364066 1920s
20D f24 run  11 FEs =  200000 best-target =    151.60316026 1933s
20D f24 run  12 FEs =  200000 best-target =    174.03865372 1945s
20D f24 run  13 FEs =  200000 best-target =    161.30421233 1957s
20D f24 run  14 FEs =  200000 best-target =    155.43144601 1970s
20D f24 run  15 FEs =  200000 best-target =    171.69557810 1982s
17-01-2014 22:21:30
---- 20-D done ----
