BBOB data directory 'nael_20' created
17-01-2014 21:48:28
20D f15 run   1 FEs =  200000 best-target =    166.00993868 46s
20D f15 run   2 FEs =  200000 best-target =    180.87456556 70s
20D f15 run   3 FEs =  200000 best-target =    195.20805105 89s
20D f15 run   4 FEs =  200000 best-target =    180.24002965 114s
20D f15 run   5 FEs =  200000 best-target =    188.41708027 131s
20D f15 run   6 FEs =  200000 best-target =    206.50696323 148s
20D f15 run   7 FEs =  200000 best-target =    196.13053894 165s
20D f15 run   8 FEs =  200000 best-target =    176.04550399 182s
20D f15 run   9 FEs =  200000 best-target =    185.29751261 199s
20D f15 run  10 FEs =  200000 best-target =    165.43244852 216s
20D f15 run  11 FEs =  200000 best-target =    194.03739089 245s
20D f15 run  12 FEs =  200000 best-target =    180.64090434 275s
20D f15 run  13 FEs =  200000 best-target =    191.25780629 297s
20D f15 run  14 FEs =  200000 best-target =    169.45333059 320s
20D f15 run  15 FEs =  200000 best-target =    167.99702308 342s
17-01-2014 21:54:10
20D f16 run   1 FEs =  200000 best-target =     17.99044774 367s
20D f16 run   2 FEs =  200000 best-target =     19.98098949 392s
20D f16 run   3 FEs =  200000 best-target =     17.55589878 417s
20D f16 run   4 FEs =  200000 best-target =     19.95691798 443s
20D f16 run   5 FEs =  200000 best-target =     22.38416531 468s
20D f16 run   6 FEs =  200000 best-target =     18.43840051 493s
20D f16 run   7 FEs =  200000 best-target =     23.35099350 518s
20D f16 run   8 FEs =  200000 best-target =     20.82457485 544s
20D f16 run   9 FEs =  200000 best-target =     17.38761046 569s
20D f16 run  10 FEs =  200000 best-target =     18.41777657 594s
20D f16 run  11 FEs =  200000 best-target =     19.94415124 620s
20D f16 run  12 FEs =  200000 best-target =     19.09798443 645s
20D f16 run  13 FEs =  200000 best-target =     22.85545858 671s
20D f16 run  14 FEs =  200000 best-target =     15.57574541 696s
20D f16 run  15 FEs =  200000 best-target =     20.49686158 723s
17-01-2014 22:00:31
20D f19 run   1 FEs =  200000 best-target =      4.34319485 744s
20D f19 run   2 FEs =  200000 best-target =      5.18798544 765s
20D f19 run   3 FEs =  200000 best-target =      5.46856544 786s
20D f19 run   4 FEs =  200000 best-target =      5.51591926 809s
20D f19 run   5 FEs =  200000 best-target =      5.09024133 839s
20D f19 run   6 FEs =  200000 best-target =      4.86530918 858s
20D f19 run   7 FEs =  200000 best-target =      4.88521779 880s
20D f19 run   8 FEs =  200000 best-target =      4.45214030 900s
20D f19 run   9 FEs =  200000 best-target =      5.15154521 923s
20D f19 run  10 FEs =  200000 best-target =      4.57087076 945s
20D f19 run  11 FEs =  200000 best-target =      4.04463497 966s
20D f19 run  12 FEs =  200000 best-target =      5.21831407 989s
20D f19 run  13 FEs =  200000 best-target =      4.87676702 1011s
20D f19 run  14 FEs =  200000 best-target =      3.19756636 1035s
20D f19 run  15 FEs =  200000 best-target =      5.46881656 1058s
17-01-2014 22:06:06
20D f20 run   1 FEs =  200000 best-target =      3.89789393 1082s
20D f20 run   2 FEs =  200000 best-target =      3.73589148 1107s
20D f20 run   3 FEs =  200000 best-target =      3.46033205 1136s
20D f20 run   4 FEs =  200000 best-target =      3.55391471 1166s
20D f20 run   5 FEs =  200000 best-target =      3.05621532 1191s
20D f20 run   6 FEs =  200000 best-target =      3.16303730 1220s
20D f20 run   7 FEs =  200000 best-target =      3.67703251 1251s
20D f20 run   8 FEs =  200000 best-target =      3.64047257 1282s
20D f20 run   9 FEs =  200000 best-target =      3.12197281 1313s
20D f20 run  10 FEs =  200000 best-target =      3.98232012 1344s
20D f20 run  11 FEs =  200000 best-target =      3.88660016 1375s
20D f20 run  12 FEs =  200000 best-target =      3.98661726 1406s
20D f20 run  13 FEs =  200000 best-target =      3.43242151 1438s
20D f20 run  14 FEs =  200000 best-target =      3.77890371 1469s
20D f20 run  15 FEs =  200000 best-target =      3.39599438 1501s
17-01-2014 22:13:29
20D f21 run   1 FEs =  200000 best-target =     45.63869379 1535s
20D f21 run   2 FEs =  200000 best-target =     29.47925656 1568s
20D f21 run   3 FEs =  200000 best-target =     34.23549953 1602s
20D f21 run   4 FEs =  200000 best-target =     40.19592473 1636s
20D f21 run   5 FEs =  200000 best-target =     21.31281992 1657s
20D f21 run   6 FEs =  200000 best-target =     13.38259203 1672s
20D f21 run   7 FEs =  200000 best-target =      8.72098137 1687s
20D f21 run   8 FEs =  200000 best-target =      8.34248087 1703s
20D f21 run   9 FEs =  200000 best-target =     12.97361585 1718s
20D f21 run  10 FEs =  200000 best-target =     30.74179378 1733s
20D f21 run  11 FEs =  200000 best-target =     16.17257039 1748s
20D f21 run  12 FEs =  200000 best-target =     27.48751818 1763s
20D f21 run  13 FEs =  200000 best-target =     30.64342335 1778s
20D f21 run  14 FEs =  200000 best-target =     13.09951094 1793s
20D f21 run  15 FEs =  200000 best-target =     13.45615844 1808s
17-01-2014 22:18:36
20D f22 run   1 FEs =  200000 best-target =     11.52288390 1822s
20D f22 run   2 FEs =  200000 best-target =     27.29232067 1836s
20D f22 run   3 FEs =  200000 best-target =     30.15971548 1849s
20D f22 run   4 FEs =  200000 best-target =      7.88305351 1863s
20D f22 run   5 FEs =  200000 best-target =     23.67924866 1877s
20D f22 run   6 FEs =  200000 best-target =     26.95467078 1891s
20D f22 run   7 FEs =  200000 best-target =     53.02238494 1904s
20D f22 run   8 FEs =  200000 best-target =     17.09956171 1918s
20D f22 run   9 FEs =  200000 best-target =     39.30677482 1932s
20D f22 run  10 FEs =  200000 best-target =     25.81634286 1945s
20D f22 run  11 FEs =  200000 best-target =     34.25952345 1959s
20D f22 run  12 FEs =  200000 best-target =     54.07209594 1973s
20D f22 run  13 FEs =  200000 best-target =     39.14035893 1987s
20D f22 run  14 FEs =  200000 best-target =     21.68643221 2000s
20D f22 run  15 FEs =  200000 best-target =      7.70667521 2014s
17-01-2014 22:22:02
20D f24 run   1 FEs =  200000 best-target =    161.91123552 2027s
20D f24 run   2 FEs =  200000 best-target =    174.45653916 2041s
20D f24 run   3 FEs =  200000 best-target =    181.91884723 2055s
20D f24 run   4 FEs =  200000 best-target =    174.03113295 2068s
20D f24 run   5 FEs =  200000 best-target =    175.44620852 2082s
20D f24 run   6 FEs =  200000 best-target =    187.46522319 2095s
20D f24 run   7 FEs =  200000 best-target =    166.21070858 2109s
20D f24 run   8 FEs =  200000 best-target =    165.11810408 2122s
20D f24 run   9 FEs =  200000 best-target =    146.39992833 2136s
20D f24 run  10 FEs =  200000 best-target =    168.07097836 2150s
20D f24 run  11 FEs =  200000 best-target =    172.00735685 2163s
20D f24 run  12 FEs =  200000 best-target =    175.58828240 2177s
20D f24 run  13 FEs =  200000 best-target =    157.89285117 2190s
20D f24 run  14 FEs =  200000 best-target =    159.58286666 2204s
20D f24 run  15 FEs =  200000 best-target =    173.14596394 2218s
17-01-2014 22:25:26
---- 20-D done ----
