BBOB data directory 'naeu_20' created
17-01-2014 21:48:27
20D f15 run   1 FEs =  200000 best-target =    235.27289904 7s
20D f15 run   2 FEs =  200000 best-target =    222.90516883 15s
20D f15 run   3 FEs =  200000 best-target =    220.96608752 22s
20D f15 run   4 FEs =  200000 best-target =    232.38033589 30s
20D f15 run   5 FEs =  200000 best-target =    202.23155135 39s
20D f15 run   6 FEs =  200000 best-target =    217.89529033 46s
20D f15 run   7 FEs =  200000 best-target =    182.56215096 51s
20D f15 run   8 FEs =  200000 best-target =    201.08988775 57s
20D f15 run   9 FEs =  200000 best-target =    207.78106827 62s
20D f15 run  10 FEs =  200000 best-target =    211.76253539 68s
20D f15 run  11 FEs =  200000 best-target =    203.03977756 73s
20D f15 run  12 FEs =  200000 best-target =    277.13288649 78s
20D f15 run  13 FEs =  200000 best-target =    232.50777373 84s
20D f15 run  14 FEs =  200000 best-target =    206.24652950 89s
20D f15 run  15 FEs =  200000 best-target =    206.46281102 96s
17-01-2014 21:50:04
20D f16 run   1 FEs =  200000 best-target =     20.22369876 106s
20D f16 run   2 FEs =  200000 best-target =     21.87038822 113s
20D f16 run   3 FEs =  200000 best-target =     21.97986588 120s
20D f16 run   4 FEs =  200000 best-target =     16.70326056 128s
20D f16 run   5 FEs =  200000 best-target =     20.76304946 135s
20D f16 run   6 FEs =  200000 best-target =     20.53035027 142s
20D f16 run   7 FEs =  200000 best-target =     20.76005136 149s
20D f16 run   8 FEs =  200000 best-target =     17.51659484 156s
20D f16 run   9 FEs =  200000 best-target =     22.89743737 163s
20D f16 run  10 FEs =  200000 best-target =     22.42222625 170s
20D f16 run  11 FEs =  200000 best-target =     19.82579976 177s
20D f16 run  12 FEs =  200000 best-target =     12.38675084 184s
20D f16 run  13 FEs =  200000 best-target =     20.01651726 191s
20D f16 run  14 FEs =  200000 best-target =     21.86805166 198s
20D f16 run  15 FEs =  200000 best-target =     16.12029050 205s
17-01-2014 21:51:53
20D f19 run   1 FEs =  200000 best-target =      4.93852986 206s
20D f19 run   2 FEs =  200000 best-target =      5.37519406 207s
20D f19 run   3 FEs =  200000 best-target =      5.76549524 208s
20D f19 run   4 FEs =  200000 best-target =      4.70215809 209s
20D f19 run   5 FEs =  200000 best-target =      4.86205188 210s
20D f19 run   6 FEs =  200000 best-target =      4.30703343 211s
20D f19 run   7 FEs =  200000 best-target =      5.28807628 212s
20D f19 run   8 FEs =  200000 best-target =      4.67790953 213s
20D f19 run   9 FEs =  200000 best-target =      5.00849842 214s
20D f19 run  10 FEs =  200000 best-target =      5.38468331 215s
20D f19 run  11 FEs =  200000 best-target =      4.45288476 216s
20D f19 run  12 FEs =  200000 best-target =      5.06906531 217s
20D f19 run  13 FEs =  200000 best-target =      5.59112617 218s
20D f19 run  14 FEs =  200000 best-target =      5.40884515 219s
20D f19 run  15 FEs =  200000 best-target =      4.68714616 220s
17-01-2014 21:52:08
20D f20 run   1 FEs =  200000 best-target =      3.45543876 222s
20D f20 run   2 FEs =  200000 best-target =      3.39123335 225s
20D f20 run   3 FEs =  200000 best-target =      4.11289153 227s
20D f20 run   4 FEs =  200000 best-target =      3.64791584 229s
20D f20 run   5 FEs =  200000 best-target =      3.86454245 231s
20D f20 run   6 FEs =  200000 best-target =      3.65477637 233s
20D f20 run   7 FEs =  200000 best-target =      4.34528754 235s
20D f20 run   8 FEs =  200000 best-target =      3.53656089 238s
20D f20 run   9 FEs =  200000 best-target =      3.89870429 241s
20D f20 run  10 FEs =  200000 best-target =      3.55356302 243s
20D f20 run  11 FEs =  200000 best-target =      4.65845697 245s
20D f20 run  12 FEs =  200000 best-target =      4.06148394 247s
20D f20 run  13 FEs =  200000 best-target =      3.69690308 250s
20D f20 run  14 FEs =  200000 best-target =      3.57392250 251s
20D f20 run  15 FEs =  200000 best-target =      3.86865876 253s
17-01-2014 21:52:41
20D f21 run   1 FEs =  200000 best-target =     35.14584088 259s
20D f21 run   2 FEs =  200000 best-target =     52.26732726 264s
20D f21 run   3 FEs =  200000 best-target =     49.44801334 269s
20D f21 run   4 FEs =  200000 best-target =     30.32946767 274s
20D f21 run   5 FEs =  200000 best-target =     34.80944461 280s
20D f21 run   6 FEs =  200000 best-target =     23.39699736 285s
20D f21 run   7 FEs =  200000 best-target =     21.75322700 289s
20D f21 run   8 FEs =  200000 best-target =     25.34627469 293s
20D f21 run   9 FEs =  200000 best-target =     39.01332125 295s
20D f21 run  10 FEs =  200000 best-target =     28.24726674 299s
20D f21 run  11 FEs =  200000 best-target =     19.41525144 302s
20D f21 run  12 FEs =  200000 best-target =     35.36443448 306s
20D f21 run  13 FEs =  200000 best-target =     32.47175782 309s
20D f21 run  14 FEs =  200000 best-target =     20.95938428 313s
20D f21 run  15 FEs =  200000 best-target =      8.33838730 316s
17-01-2014 21:53:44
20D f22 run   1 FEs =  200000 best-target =     46.78631847 317s
20D f22 run   2 FEs =  200000 best-target =     51.61634369 319s
20D f22 run   3 FEs =  200000 best-target =     52.30590389 320s
20D f22 run   4 FEs =  200000 best-target =     17.45111052 321s
20D f22 run   5 FEs =  200000 best-target =     51.87710618 322s
20D f22 run   6 FEs =  200000 best-target =     32.82464027 324s
20D f22 run   7 FEs =  200000 best-target =     65.90992904 325s
20D f22 run   8 FEs =  200000 best-target =     40.70883111 326s
20D f22 run   9 FEs =  200000 best-target =     48.26245359 328s
20D f22 run  10 FEs =  200000 best-target =     33.23952693 329s
20D f22 run  11 FEs =  200000 best-target =     57.38219069 330s
20D f22 run  12 FEs =  200000 best-target =     63.52548418 331s
20D f22 run  13 FEs =  200000 best-target =     62.92586051 333s
20D f22 run  14 FEs =  200000 best-target =     33.35917844 334s
20D f22 run  15 FEs =  200000 best-target =     22.43378075 335s
17-01-2014 21:54:03
20D f24 run   1 FEs =  200000 best-target =    166.65205653 336s
20D f24 run   2 FEs =  200000 best-target =    197.98866849 337s
20D f24 run   3 FEs =  200000 best-target =    191.58165908 338s
20D f24 run   4 FEs =  200000 best-target =    187.43254807 339s
20D f24 run   5 FEs =  200000 best-target =    188.22777200 340s
20D f24 run   6 FEs =  200000 best-target =    189.23153456 341s
20D f24 run   7 FEs =  200000 best-target =    190.85746782 342s
20D f24 run   8 FEs =  200000 best-target =    147.90370266 343s
20D f24 run   9 FEs =  200000 best-target =    180.22080573 344s
20D f24 run  10 FEs =  200000 best-target =    203.20610354 345s
20D f24 run  11 FEs =  200000 best-target =    178.16389192 346s
20D f24 run  12 FEs =  200000 best-target =    184.88819920 347s
20D f24 run  13 FEs =  200000 best-target =    186.13767287 348s
20D f24 run  14 FEs =  200000 best-target =    196.79388330 349s
20D f24 run  15 FEs =  200000 best-target =    193.29310098 349s
17-01-2014 21:54:17
---- 20-D done ----
