BBOB data directory 'ae_80' created
17-01-2014 22:51:54
80D f15 run   1 FEs =  800000 best-target =    962.91108045 124s
80D f15 run   2 FEs =  800000 best-target =    936.29829551 254s
80D f15 run   3 FEs =  800000 best-target =    937.88137213 390s
80D f15 run   4 FEs =  800000 best-target =    966.63163979 535s
80D f15 run   5 FEs =  800000 best-target =    955.03620541 672s
80D f15 run   6 FEs =  800000 best-target =    912.99650194 803s
80D f15 run   7 FEs =  800000 best-target =    972.72304354 938s
80D f15 run   8 FEs =  800000 best-target =    942.50805446 1076s
80D f15 run   9 FEs =  800000 best-target =    921.85916779 1201s
80D f15 run  10 FEs =  800000 best-target =    956.62674920 1335s
80D f15 run  11 FEs =  800000 best-target =    963.82264322 1475s
80D f15 run  12 FEs =  800000 best-target =    948.87093544 1612s
80D f15 run  13 FEs =  800000 best-target =    963.80202173 1742s
80D f15 run  14 FEs =  800000 best-target =    976.34422666 1862s
80D f15 run  15 FEs =  800000 best-target =    947.04179322 1970s
17-01-2014 23:24:44
80D f16 run   1 FEs =  800000 best-target =     41.86999722 2177s
80D f16 run   2 FEs =  800000 best-target =     38.94878128 2360s
80D f16 run   3 FEs =  800000 best-target =     40.76505557 2548s
80D f16 run   4 FEs =  800000 best-target =     39.35566731 2706s
80D f16 run   5 FEs =  800000 best-target =     40.54632536 2849s
80D f16 run   6 FEs =  800000 best-target =     41.38721804 3029s
80D f16 run   7 FEs =  800000 best-target =     39.99964919 3191s
80D f16 run   8 FEs =  800000 best-target =     38.57301974 3390s
80D f16 run   9 FEs =  800000 best-target =     41.43064979 3590s
80D f16 run  10 FEs =  800000 best-target =     41.66827953 3714s
80D f16 run  11 FEs =  800000 best-target =     40.04477597 3908s
80D f16 run  12 FEs =  800000 best-target =     40.17338379 4025s
80D f16 run  13 FEs =  800000 best-target =     39.24965917 4166s
80D f16 run  14 FEs =  800000 best-target =     37.80041247 4335s
80D f16 run  15 FEs =  800000 best-target =     38.17808005 4519s
18-01-2014 00:07:13
80D f19 run   1 FEs =  800000 best-target =      8.88797334 4554s
80D f19 run   2 FEs =  800000 best-target =      9.04043137 4586s
80D f19 run   3 FEs =  800000 best-target =      8.79269270 4622s
80D f19 run   4 FEs =  800000 best-target =      8.63357267 4658s
80D f19 run   5 FEs =  800000 best-target =      9.34918707 4692s
80D f19 run   6 FEs =  800000 best-target =      8.26270257 4724s
80D f19 run   7 FEs =  800000 best-target =      8.82204752 4758s
80D f19 run   8 FEs =  800000 best-target =      8.74260312 4792s
80D f19 run   9 FEs =  800000 best-target =      8.73432679 4829s
80D f19 run  10 FEs =  800000 best-target =      9.08572611 4864s
80D f19 run  11 FEs =  800000 best-target =      9.14639286 4898s
80D f19 run  12 FEs =  800000 best-target =      9.27433895 4933s
80D f19 run  13 FEs =  800000 best-target =      9.02381280 4967s
80D f19 run  14 FEs =  800000 best-target =      9.18651609 5000s
80D f19 run  15 FEs =  800000 best-target =      8.68967475 5037s
18-01-2014 00:15:52
80D f20 run   1 FEs =  800000 best-target =   2000.14483496 5064s
80D f20 run   2 FEs =  800000 best-target =   3867.97622866 5093s
80D f20 run   3 FEs =  800000 best-target =   3447.11307048 5119s
80D f20 run   4 FEs =  800000 best-target =   4664.26729600 5141s
80D f20 run   5 FEs =  800000 best-target =   2053.66532886 5169s
80D f20 run   6 FEs =  800000 best-target =   4570.49656498 5198s
80D f20 run   7 FEs =  800000 best-target =   4068.84923589 5224s
80D f20 run   8 FEs =  800000 best-target =   3949.82090543 5254s
80D f20 run   9 FEs =  800000 best-target =   4288.96733970 5283s
80D f20 run  10 FEs =  800000 best-target =   4070.89800374 5310s
80D f20 run  11 FEs =  800000 best-target =   3521.72559336 5338s
80D f20 run  12 FEs =  800000 best-target =   3544.60501432 5370s
80D f20 run  13 FEs =  800000 best-target =   4961.38571360 5397s
80D f20 run  14 FEs =  800000 best-target =   3730.22967147 5427s
80D f20 run  15 FEs =  800000 best-target =   3671.27260425 5454s
18-01-2014 00:22:48
80D f21 run   1 FEs =  800000 best-target =     20.04243188 5520s
80D f21 run   2 FEs =  800000 best-target =     19.94133359 5586s
80D f21 run   3 FEs =  800000 best-target =     19.62426683 5651s
80D f21 run   4 FEs =  800000 best-target =     19.98456470 5717s
80D f21 run   5 FEs =  800000 best-target =     19.43539928 5778s
80D f21 run   6 FEs =  800000 best-target =     23.20010437 5821s
80D f21 run   7 FEs =  800000 best-target =     25.27113553 5888s
80D f21 run   8 FEs =  800000 best-target =     19.28496176 5956s
80D f21 run   9 FEs =  800000 best-target =     22.31476347 6019s
80D f21 run  10 FEs =  800000 best-target =     22.01837843 6080s
80D f21 run  11 FEs =  800000 best-target =     18.38696945 6141s
80D f21 run  12 FEs =  800000 best-target =     17.18227347 6202s
80D f21 run  13 FEs =  800000 best-target =     24.70015462 6262s
80D f21 run  14 FEs =  800000 best-target =     21.20435238 6323s
80D f21 run  15 FEs =  800000 best-target =     23.81970372 6384s
18-01-2014 00:38:18
80D f22 run   1 FEs =  800000 best-target =     19.67114954 6414s
80D f22 run   2 FEs =  800000 best-target =     20.32458020 6443s
80D f22 run   3 FEs =  800000 best-target =     22.39001322 6473s
80D f22 run   4 FEs =  800000 best-target =     39.08937052 6502s
80D f22 run   5 FEs =  800000 best-target =     18.89358318 6532s
80D f22 run   6 FEs =  800000 best-target =     16.53421872 6561s
80D f22 run   7 FEs =  800000 best-target =     54.19983516 6591s
80D f22 run   8 FEs =  800000 best-target =     43.33328932 6620s
80D f22 run   9 FEs =  800000 best-target =     31.77961611 6650s
80D f22 run  10 FEs =  800000 best-target =     18.42014398 6679s
80D f22 run  11 FEs =  800000 best-target =     20.07369598 6709s
80D f22 run  12 FEs =  800000 best-target =     37.74113353 6738s
80D f22 run  13 FEs =  800000 best-target =     24.95793380 6768s
80D f22 run  14 FEs =  800000 best-target =     60.96587805 6798s
80D f22 run  15 FEs =  800000 best-target =     20.28158603 6818s
18-01-2014 00:45:32
80D f24 run   1 FEs =  800000 best-target =    974.89738766 6834s
80D f24 run   2 FEs =  800000 best-target =   1014.75941604 6849s
80D f24 run   3 FEs =  800000 best-target =    998.08188397 6865s
80D f24 run   4 FEs =  800000 best-target =    980.45983829 6880s
80D f24 run   5 FEs =  800000 best-target =   1009.29545500 6896s
80D f24 run   6 FEs =  800000 best-target =   1018.92045848 6918s
80D f24 run   7 FEs =  800000 best-target =   1031.54378728 6942s
80D f24 run   8 FEs =  800000 best-target =   1009.91626326 6967s
80D f24 run   9 FEs =  800000 best-target =    983.00531859 6991s
80D f24 run  10 FEs =  800000 best-target =   1000.08126039 7015s
80D f24 run  11 FEs =  800000 best-target =   1023.55186503 7039s
80D f24 run  12 FEs =  800000 best-target =   1025.52616965 7064s
80D f24 run  13 FEs =  800000 best-target =   1036.42913511 7088s
80D f24 run  14 FEs =  800000 best-target =   1008.38959040 7113s
80D f24 run  15 FEs =  800000 best-target =    965.16596719 7137s
18-01-2014 00:50:51
---- 80-D done ----
