BBOB data directory 'nael_80' created
17-01-2014 22:51:54
80D f15 run   1 FEs =  800000 best-target =   1622.65161449 224s
80D f15 run   2 FEs =  800000 best-target =   1512.35606721 468s
80D f15 run   3 FEs =  800000 best-target =   1328.04899828 710s
80D f15 run   4 FEs =  800000 best-target =   1419.74684697 943s
80D f15 run   5 FEs =  800000 best-target =   1456.60922638 1177s
80D f15 run   6 FEs =  800000 best-target =   1650.28279462 1418s
80D f15 run   7 FEs =  800000 best-target =   1484.74872640 1655s
80D f15 run   8 FEs =  800000 best-target =   1664.32834281 1857s
80D f15 run   9 FEs =  800000 best-target =   1498.20723054 2014s
80D f15 run  10 FEs =  800000 best-target =   1627.43025328 2169s
80D f15 run  11 FEs =  800000 best-target =   1408.51515838 2321s
80D f15 run  12 FEs =  800000 best-target =   1589.63936002 2429s
80D f15 run  13 FEs =  800000 best-target =   1355.17294860 2534s
80D f15 run  14 FEs =  800000 best-target =   1480.81581432 2657s
80D f15 run  15 FEs =  800000 best-target =   1522.00234374 2795s
17-01-2014 23:38:30
80D f16 run   1 FEs =  800000 best-target =     40.44379575 3120s
80D f16 run   2 FEs =  800000 best-target =     39.68587433 3388s
80D f16 run   3 FEs =  800000 best-target =     39.05705791 3597s
80D f16 run   4 FEs =  800000 best-target =     41.32231582 3887s
80D f16 run   5 FEs =  800000 best-target =     40.27235971 4074s
80D f16 run   6 FEs =  800000 best-target =     40.98278640 4261s
80D f16 run   7 FEs =  800000 best-target =     39.73035454 4456s
80D f16 run   8 FEs =  800000 best-target =     38.60785526 4721s
80D f16 run   9 FEs =  800000 best-target =     41.74603585 4990s
80D f16 run  10 FEs =  800000 best-target =     41.92923816 5250s
80D f16 run  11 FEs =  800000 best-target =     40.63879585 5494s
80D f16 run  12 FEs =  800000 best-target =     40.36480377 5698s
80D f16 run  13 FEs =  800000 best-target =     42.76475379 5903s
80D f16 run  14 FEs =  800000 best-target =     42.51722712 6133s
80D f16 run  15 FEs =  800000 best-target =     40.96988923 6331s
18-01-2014 00:37:26
80D f19 run   1 FEs =  800000 best-target =      8.74460995 6413s
80D f19 run   2 FEs =  800000 best-target =      8.62429609 6493s
80D f19 run   3 FEs =  800000 best-target =      8.88358047 6574s
80D f19 run   4 FEs =  800000 best-target =      8.80459840 6663s
80D f19 run   5 FEs =  800000 best-target =      8.92725529 6761s
80D f19 run   6 FEs =  800000 best-target =      9.22507014 6850s
80D f19 run   7 FEs =  800000 best-target =      8.92370849 6938s
80D f19 run   8 FEs =  800000 best-target =      9.02862353 7019s
80D f19 run   9 FEs =  800000 best-target =      9.16034639 7099s
80D f19 run  10 FEs =  800000 best-target =      8.70046819 7178s
80D f19 run  11 FEs =  800000 best-target =      9.07594117 7272s
80D f19 run  12 FEs =  800000 best-target =      9.13053703 7371s
80D f19 run  13 FEs =  800000 best-target =      8.77634650 7454s
80D f19 run  14 FEs =  800000 best-target =      9.04531887 7522s
80D f19 run  15 FEs =  800000 best-target =      9.53353882 7604s
18-01-2014 00:58:38
80D f20 run   1 FEs =  800000 best-target =   8209.83855179 7700s
80D f20 run   2 FEs =  800000 best-target =   8315.74124132 7796s
80D f20 run   3 FEs =  800000 best-target =   5323.27812745 7877s
80D f20 run   4 FEs =  800000 best-target =   9363.16848648 7948s
80D f20 run   5 FEs =  800000 best-target =   6306.14086017 8017s
80D f20 run   6 FEs =  800000 best-target =   7242.07075225 8084s
80D f20 run   7 FEs =  800000 best-target =   9768.24041919 8152s
80D f20 run   8 FEs =  800000 best-target =   9141.28122936 8219s
80D f20 run   9 FEs =  800000 best-target =   7981.67647663 8287s
80D f20 run  10 FEs =  800000 best-target =   7818.62739806 8355s
80D f20 run  11 FEs =  800000 best-target =   7686.86368068 8445s
80D f20 run  12 FEs =  800000 best-target =   5451.91346862 8533s
80D f20 run  13 FEs =  800000 best-target =  10539.57968531 8601s
80D f20 run  14 FEs =  800000 best-target =   8530.25106850 8668s
80D f20 run  15 FEs =  800000 best-target =   8451.39993545 8736s
18-01-2014 01:17:30
80D f21 run   1 FEs =  800000 best-target =     65.28825715 8819s
80D f21 run   2 FEs =  800000 best-target =     68.32269888 8902s
80D f21 run   3 FEs =  800000 best-target =     65.50570946 8985s
80D f21 run   4 FEs =  800000 best-target =     69.55218190 9069s
80D f21 run   5 FEs =  800000 best-target =     57.30897105 9152s
80D f21 run   6 FEs =  800000 best-target =     69.25919152 9235s
80D f21 run   7 FEs =  800000 best-target =     75.39273498 9318s
80D f21 run   8 FEs =  800000 best-target =     67.34450987 9401s
80D f21 run   9 FEs =  800000 best-target =     66.44755208 9484s
80D f21 run  10 FEs =  800000 best-target =     58.91733851 9568s
80D f21 run  11 FEs =  800000 best-target =     60.76763685 9651s
80D f21 run  12 FEs =  800000 best-target =     66.99699584 9734s
80D f21 run  13 FEs =  800000 best-target =     68.63948556 9817s
80D f21 run  14 FEs =  800000 best-target =     64.25576345 9900s
80D f21 run  15 FEs =  800000 best-target =     67.56314481 9983s
18-01-2014 01:38:17
80D f22 run   1 FEs =  800000 best-target =     68.00607876 10050s
80D f22 run   2 FEs =  800000 best-target =     68.25267356 10117s
80D f22 run   3 FEs =  800000 best-target =     66.49554796 10184s
80D f22 run   4 FEs =  800000 best-target =     70.81577549 10251s
80D f22 run   5 FEs =  800000 best-target =     67.15280055 10318s
80D f22 run   6 FEs =  800000 best-target =     67.74845429 10385s
80D f22 run   7 FEs =  800000 best-target =     77.82678408 10452s
80D f22 run   8 FEs =  800000 best-target =     72.42451169 10518s
80D f22 run   9 FEs =  800000 best-target =     72.48579925 10585s
80D f22 run  10 FEs =  800000 best-target =     68.42222875 10652s
80D f22 run  11 FEs =  800000 best-target =     68.66294490 10719s
80D f22 run  12 FEs =  800000 best-target =     75.19643025 10786s
80D f22 run  13 FEs =  800000 best-target =     67.94962841 10853s
80D f22 run  14 FEs =  800000 best-target =     73.80293351 10920s
80D f22 run  15 FEs =  800000 best-target =     65.61080718 10987s
18-01-2014 01:55:01
80D f24 run   1 FEs =  800000 best-target =   1131.02630893 11055s
80D f24 run   2 FEs =  800000 best-target =   1185.59385713 11122s
80D f24 run   3 FEs =  800000 best-target =   1091.81990024 11189s
80D f24 run   4 FEs =  800000 best-target =   1154.12563965 11257s
80D f24 run   5 FEs =  800000 best-target =   1175.46120618 11324s
80D f24 run   6 FEs =  800000 best-target =   1129.86862966 11392s
80D f24 run   7 FEs =  800000 best-target =   1128.69877277 11459s
80D f24 run   8 FEs =  800000 best-target =   1123.71340941 11527s
80D f24 run   9 FEs =  800000 best-target =   1173.87705580 11594s
80D f24 run  10 FEs =  800000 best-target =   1139.02182386 11661s
80D f24 run  11 FEs =  800000 best-target =   1124.25079807 11729s
80D f24 run  12 FEs =  800000 best-target =   1093.42415977 11796s
80D f24 run  13 FEs =  800000 best-target =   1093.30785021 11864s
80D f24 run  14 FEs =  800000 best-target =   1144.93407775 11931s
80D f24 run  15 FEs =  800000 best-target =   1122.98325676 11998s
18-01-2014 02:11:53
---- 80-D done ----
