BBOB data directory 'naeu_80' created
17-01-2014 22:51:54
80D f15 run   1 FEs =  800000 best-target =   1812.48474927 134s
80D f15 run   2 FEs =  800000 best-target =   1814.52001611 272s
80D f15 run   3 FEs =  800000 best-target =   1582.88421173 407s
80D f15 run   4 FEs =  800000 best-target =   1775.60016103 539s
80D f15 run   5 FEs =  800000 best-target =   1667.39729863 670s
80D f15 run   6 FEs =  800000 best-target =   1752.23573601 810s
80D f15 run   7 FEs =  800000 best-target =   1771.94360793 946s
80D f15 run   8 FEs =  800000 best-target =   1875.96156710 1084s
80D f15 run   9 FEs =  800000 best-target =   1882.53151543 1214s
80D f15 run  10 FEs =  800000 best-target =   1880.95744355 1350s
80D f15 run  11 FEs =  800000 best-target =   1622.28754864 1476s
80D f15 run  12 FEs =  800000 best-target =   1883.57975453 1614s
80D f15 run  13 FEs =  800000 best-target =   1636.24086031 1754s
80D f15 run  14 FEs =  800000 best-target =   1661.48937240 1841s
80D f15 run  15 FEs =  800000 best-target =   1652.96227761 1936s
17-01-2014 23:24:10
80D f16 run   1 FEs =  800000 best-target =     40.06226769 2068s
80D f16 run   2 FEs =  800000 best-target =     41.17196742 2200s
80D f16 run   3 FEs =  800000 best-target =     38.27779099 2332s
80D f16 run   4 FEs =  800000 best-target =     40.92974957 2464s
80D f16 run   5 FEs =  800000 best-target =     37.93517766 2596s
80D f16 run   6 FEs =  800000 best-target =     41.80196141 2728s
80D f16 run   7 FEs =  800000 best-target =     34.67100314 2860s
80D f16 run   8 FEs =  800000 best-target =     39.16233702 2990s
80D f16 run   9 FEs =  800000 best-target =     42.34393956 3120s
80D f16 run  10 FEs =  800000 best-target =     42.15201280 3225s
80D f16 run  11 FEs =  800000 best-target =     39.92479125 3432s
80D f16 run  12 FEs =  800000 best-target =     40.24850099 3631s
80D f16 run  13 FEs =  800000 best-target =     39.99446604 3778s
80D f16 run  14 FEs =  800000 best-target =     40.39772589 3968s
80D f16 run  15 FEs =  800000 best-target =     38.24510677 4109s
18-01-2014 00:00:23
80D f19 run   1 FEs =  800000 best-target =      9.06059520 4135s
80D f19 run   2 FEs =  800000 best-target =      8.52828394 4160s
80D f19 run   3 FEs =  800000 best-target =      8.93406025 4185s
80D f19 run   4 FEs =  800000 best-target =      9.01803035 4210s
80D f19 run   5 FEs =  800000 best-target =      8.95190886 4249s
80D f19 run   6 FEs =  800000 best-target =      9.13497122 4292s
80D f19 run   7 FEs =  800000 best-target =      9.25934139 4322s
80D f19 run   8 FEs =  800000 best-target =      9.22770112 4360s
80D f19 run   9 FEs =  800000 best-target =      8.61749753 4388s
80D f19 run  10 FEs =  800000 best-target =      9.26500847 4415s
80D f19 run  11 FEs =  800000 best-target =      9.30151377 4451s
80D f19 run  12 FEs =  800000 best-target =      9.32466290 4487s
80D f19 run  13 FEs =  800000 best-target =      9.04237760 4518s
80D f19 run  14 FEs =  800000 best-target =      9.23580403 4553s
80D f19 run  15 FEs =  800000 best-target =      9.40756106 4586s
18-01-2014 00:08:20
80D f20 run   1 FEs =  800000 best-target =  10662.22489383 4616s
80D f20 run   2 FEs =  800000 best-target =  10694.57625574 4640s
80D f20 run   3 FEs =  800000 best-target =  15538.45564615 4671s
80D f20 run   4 FEs =  800000 best-target =  10408.49836812 4701s
80D f20 run   5 FEs =  800000 best-target =  11326.39491402 4730s
80D f20 run   6 FEs =  800000 best-target =  12526.21553012 4756s
80D f20 run   7 FEs =  800000 best-target =  11963.14246787 4786s
80D f20 run   8 FEs =  800000 best-target =  12603.05761342 4814s
80D f20 run   9 FEs =  800000 best-target =   8599.67178567 4843s
80D f20 run  10 FEs =  800000 best-target =  10363.04980884 4871s
80D f20 run  11 FEs =  800000 best-target =   9682.77508557 4901s
80D f20 run  12 FEs =  800000 best-target =  11433.50036500 4929s
80D f20 run  13 FEs =  800000 best-target =  16018.51161453 4951s
80D f20 run  14 FEs =  800000 best-target =  15266.38670964 4976s
80D f20 run  15 FEs =  800000 best-target =  11927.81751279 5004s
18-01-2014 00:15:18
80D f21 run   1 FEs =  800000 best-target =     70.54387444 5070s
80D f21 run   2 FEs =  800000 best-target =     74.57563354 5150s
80D f21 run   3 FEs =  800000 best-target =     74.63264919 5227s
80D f21 run   4 FEs =  800000 best-target =     75.28311944 5306s
80D f21 run   5 FEs =  800000 best-target =     67.87372691 5380s
80D f21 run   6 FEs =  800000 best-target =     73.92627860 5450s
80D f21 run   7 FEs =  800000 best-target =     77.75323533 5526s
80D f21 run   8 FEs =  800000 best-target =     70.43970870 5585s
80D f21 run   9 FEs =  800000 best-target =     73.69520816 5650s
80D f21 run  10 FEs =  800000 best-target =     69.01633585 5711s
80D f21 run  11 FEs =  800000 best-target =     69.53036158 5773s
80D f21 run  12 FEs =  800000 best-target =     71.90795733 5841s
80D f21 run  13 FEs =  800000 best-target =     72.80627472 5907s
80D f21 run  14 FEs =  800000 best-target =     70.12561930 5976s
80D f21 run  15 FEs =  800000 best-target =     73.17281127 6038s
18-01-2014 00:32:32
80D f22 run   1 FEs =  800000 best-target =     71.23019607 6067s
80D f22 run   2 FEs =  800000 best-target =     72.68410137 6094s
80D f22 run   3 FEs =  800000 best-target =     72.03425392 6121s
80D f22 run   4 FEs =  800000 best-target =     74.70965053 6148s
80D f22 run   5 FEs =  800000 best-target =     72.98181835 6175s
80D f22 run   6 FEs =  800000 best-target =     74.30502637 6205s
80D f22 run   7 FEs =  800000 best-target =     80.19911483 6234s
80D f22 run   8 FEs =  800000 best-target =     76.48004592 6262s
80D f22 run   9 FEs =  800000 best-target =     76.51228007 6289s
80D f22 run  10 FEs =  800000 best-target =     75.30676099 6316s
80D f22 run  11 FEs =  800000 best-target =     70.83357093 6342s
80D f22 run  12 FEs =  800000 best-target =     76.40596486 6369s
80D f22 run  13 FEs =  800000 best-target =     72.43246590 6394s
80D f22 run  14 FEs =  800000 best-target =     78.85323736 6418s
80D f22 run  15 FEs =  800000 best-target =     69.31033460 6446s
18-01-2014 00:39:20
80D f24 run   1 FEs =  800000 best-target =   1162.47333060 6469s
80D f24 run   2 FEs =  800000 best-target =   1173.10151366 6493s
80D f24 run   3 FEs =  800000 best-target =   1216.56745138 6517s
80D f24 run   4 FEs =  800000 best-target =   1235.33901773 6541s
80D f24 run   5 FEs =  800000 best-target =   1219.49367510 6565s
80D f24 run   6 FEs =  800000 best-target =   1213.46668366 6589s
80D f24 run   7 FEs =  800000 best-target =   1239.48222480 6613s
80D f24 run   8 FEs =  800000 best-target =   1207.59496120 6637s
80D f24 run   9 FEs =  800000 best-target =   1230.05846093 6662s
80D f24 run  10 FEs =  800000 best-target =   1108.84464217 6686s
80D f24 run  11 FEs =  800000 best-target =   1225.36932675 6710s
80D f24 run  12 FEs =  800000 best-target =   1227.35897467 6735s
80D f24 run  13 FEs =  800000 best-target =   1176.15488288 6759s
80D f24 run  14 FEs =  800000 best-target =   1248.58667654 6784s
80D f24 run  15 FEs =  800000 best-target =   1220.01447013 6808s
18-01-2014 00:45:22
---- 80-D done ----
