BBOB data directory 'naep_40' created
17-01-2014 22:51:48
40D f15 run   1 FEs =  400000 best-target =    616.21749274 89s
40D f15 run   2 FEs =  400000 best-target =    603.89019392 204s
40D f15 run   3 FEs =  400000 best-target =    537.73018142 326s
40D f15 run   4 FEs =  400000 best-target =    598.31560410 447s
40D f15 run   5 FEs =  400000 best-target =    490.43073534 565s
40D f15 run   6 FEs =  400000 best-target =    646.74631112 686s
40D f15 run   7 FEs =  400000 best-target =    600.36733937 793s
40D f15 run   8 FEs =  400000 best-target =    617.73974688 907s
40D f15 run   9 FEs =  400000 best-target =    683.38627518 1024s
40D f15 run  10 FEs =  400000 best-target =    580.46867572 1132s
40D f15 run  11 FEs =  400000 best-target =    568.75581555 1246s
40D f15 run  12 FEs =  400000 best-target =    625.63602888 1361s
40D f15 run  13 FEs =  400000 best-target =    539.90608039 1477s
40D f15 run  14 FEs =  400000 best-target =    652.57111808 1588s
40D f15 run  15 FEs =  400000 best-target =    498.38887563 1687s
17-01-2014 23:19:55
40D f16 run   1 FEs =  400000 best-target =     31.03259584 1810s
40D f16 run   2 FEs =  400000 best-target =     32.15520319 1922s
40D f16 run   3 FEs =  400000 best-target =     29.11022102 2048s
40D f16 run   4 FEs =  400000 best-target =     24.49010706 2171s
40D f16 run   5 FEs =  400000 best-target =     30.17312370 2262s
40D f16 run   6 FEs =  400000 best-target =     31.16581063 2368s
40D f16 run   7 FEs =  400000 best-target =     28.80028789 2517s
40D f16 run   8 FEs =  400000 best-target =     30.70854389 2669s
40D f16 run   9 FEs =  400000 best-target =     32.39285079 2819s
40D f16 run  10 FEs =  400000 best-target =     31.33416955 2926s
40D f16 run  11 FEs =  400000 best-target =     30.04418348 3026s
40D f16 run  12 FEs =  400000 best-target =     30.61411396 3131s
40D f16 run  13 FEs =  400000 best-target =     29.22830697 3264s
40D f16 run  14 FEs =  400000 best-target =     31.52986282 3371s
40D f16 run  15 FEs =  400000 best-target =     30.69496030 3471s
17-01-2014 23:49:39
40D f19 run   1 FEs =  400000 best-target =      7.01419653 3545s
40D f19 run   2 FEs =  400000 best-target =      6.82488015 3625s
40D f19 run   3 FEs =  400000 best-target =      6.68564630 3718s
40D f19 run   4 FEs =  400000 best-target =      7.15858577 3818s
40D f19 run   5 FEs =  400000 best-target =      6.80065688 3911s
40D f19 run   6 FEs =  400000 best-target =      6.78217055 4007s
40D f19 run   7 FEs =  400000 best-target =      7.26186026 4100s
40D f19 run   8 FEs =  400000 best-target =      6.92405607 4191s
40D f19 run   9 FEs =  400000 best-target =      6.93254525 4285s
40D f19 run  10 FEs =  400000 best-target =      7.17065626 4352s
40D f19 run  11 FEs =  400000 best-target =      7.44787299 4433s
40D f19 run  12 FEs =  400000 best-target =      6.71584129 4518s
40D f19 run  13 FEs =  400000 best-target =      7.09803884 4593s
40D f19 run  14 FEs =  400000 best-target =      7.01417410 4676s
40D f19 run  15 FEs =  400000 best-target =      6.96927354 4758s
18-01-2014 00:11:06
40D f20 run   1 FEs =  400000 best-target =    112.20957900 4834s
40D f20 run   2 FEs =  400000 best-target =    713.75575337 4904s
40D f20 run   3 FEs =  400000 best-target =    814.05589323 4993s
40D f20 run   4 FEs =  400000 best-target =    479.00550172 5079s
40D f20 run   5 FEs =  400000 best-target =    389.53637472 5161s
40D f20 run   6 FEs =  400000 best-target =    118.26437049 5247s
40D f20 run   7 FEs =  400000 best-target =    428.69714331 5330s
40D f20 run   8 FEs =  400000 best-target =    197.37775187 5405s
40D f20 run   9 FEs =  400000 best-target =    381.98851590 5480s
40D f20 run  10 FEs =  400000 best-target =    170.47583763 5553s
40D f20 run  11 FEs =  400000 best-target =    466.16194794 5621s
40D f20 run  12 FEs =  400000 best-target =    539.97668339 5673s
40D f20 run  13 FEs =  400000 best-target =      7.76207814 5735s
40D f20 run  14 FEs =  400000 best-target =    573.56041326 5788s
40D f20 run  15 FEs =  400000 best-target =    710.55957304 5850s
18-01-2014 00:29:18
40D f21 run   1 FEs =  400000 best-target =     51.97541147 5932s
40D f21 run   2 FEs =  400000 best-target =     68.29900515 6006s
40D f21 run   3 FEs =  400000 best-target =     66.01857670 6075s
40D f21 run   4 FEs =  400000 best-target =     66.96124278 6146s
40D f21 run   5 FEs =  400000 best-target =     58.69562665 6207s
40D f21 run   6 FEs =  400000 best-target =     60.03904493 6275s
40D f21 run   7 FEs =  400000 best-target =     68.75169533 6349s
40D f21 run   8 FEs =  400000 best-target =     54.44857428 6428s
40D f21 run   9 FEs =  400000 best-target =     69.70869069 6499s
40D f21 run  10 FEs =  400000 best-target =     63.56105402 6566s
40D f21 run  11 FEs =  400000 best-target =     41.75671538 6641s
40D f21 run  12 FEs =  400000 best-target =     61.37822368 6721s
40D f21 run  13 FEs =  400000 best-target =     67.24308344 6796s
40D f21 run  14 FEs =  400000 best-target =     39.95288958 6871s
40D f21 run  15 FEs =  400000 best-target =     58.19363621 6951s
18-01-2014 00:47:39
40D f22 run   1 FEs =  400000 best-target =     63.64513498 7019s
40D f22 run   2 FEs =  400000 best-target =     71.70023799 7092s
40D f22 run   3 FEs =  400000 best-target =     61.55295050 7161s
40D f22 run   4 FEs =  400000 best-target =     55.70619577 7214s
40D f22 run   5 FEs =  400000 best-target =     60.49480359 7264s
40D f22 run   6 FEs =  400000 best-target =     69.94962054 7314s
40D f22 run   7 FEs =  400000 best-target =     68.15807447 7364s
40D f22 run   8 FEs =  400000 best-target =     61.57672477 7415s
40D f22 run   9 FEs =  400000 best-target =     60.27263693 7465s
40D f22 run  10 FEs =  400000 best-target =     50.82513208 7515s
40D f22 run  11 FEs =  400000 best-target =     71.20279652 7570s
40D f22 run  12 FEs =  400000 best-target =     52.41875410 7622s
40D f22 run  13 FEs =  400000 best-target =     66.96309769 7672s
40D f22 run  14 FEs =  400000 best-target =     70.40873346 7722s
40D f22 run  15 FEs =  400000 best-target =     51.31480838 7773s
18-01-2014 01:01:21
40D f24 run   1 FEs =  400000 best-target =    476.53595453 7823s
40D f24 run   2 FEs =  400000 best-target =    430.92283162 7873s
40D f24 run   3 FEs =  400000 best-target =    469.02349846 7924s
40D f24 run   4 FEs =  400000 best-target =    511.21074078 7974s
40D f24 run   5 FEs =  400000 best-target =    488.64920596 8024s
40D f24 run   6 FEs =  400000 best-target =    477.58555168 8074s
40D f24 run   7 FEs =  400000 best-target =    482.19092744 8124s
40D f24 run   8 FEs =  400000 best-target =    444.92660750 8174s
40D f24 run   9 FEs =  400000 best-target =    481.01620877 8225s
40D f24 run  10 FEs =  400000 best-target =    461.64757111 8275s
40D f24 run  11 FEs =  400000 best-target =    485.18132994 8325s
40D f24 run  12 FEs =  400000 best-target =    453.41230569 8375s
40D f24 run  13 FEs =  400000 best-target =    476.90519971 8428s
40D f24 run  14 FEs =  400000 best-target =    499.30458424 8479s
40D f24 run  15 FEs =  400000 best-target =    469.44684926 8529s
18-01-2014 01:13:57
---- 40-D done ----
